2023-05-18 22:05:705 INFO  HomePage :29 - Mouse Hover to Buy+Sell Tab [[ChromeDriver: chrome on WINDOWS (e55a62185666f9cf5c68a46adc002045)] -> xpath: //a[contains(text(),'buy + sell')]]
2023-05-18 22:05:632 INFO  HomePage :34 - Click on Search Cars [[ChromeDriver: chrome on WINDOWS (e55a62185666f9cf5c68a46adc002045)] -> xpath: //a[contains(text(),'Search Cars')]]
2023-05-18 22:05:671 INFO  NewAndUsedCarSearch :38 - Getting a Page Header for Verification : [[ChromeDriver: chrome on WINDOWS (e55a62185666f9cf5c68a46adc002045)] -> xpath: //div[@class='heading main-heading item-ad-wrapper ']/h1]
2023-05-18 22:05:371 INFO  HomePage :29 - Mouse Hover to Buy+Sell Tab [[ChromeDriver: chrome on WINDOWS (3b80a5845a6123c2709aec96e00e73c6)] -> xpath: //a[contains(text(),'buy + sell')]]
2023-05-18 22:05:503 INFO  HomePage :34 - Click on Search Cars [[ChromeDriver: chrome on WINDOWS (3b80a5845a6123c2709aec96e00e73c6)] -> xpath: //a[contains(text(),'Search Cars')]]
2023-05-18 22:05:948 INFO  NewAndUsedCarSearch :38 - Getting a Page Header for Verification : [[ChromeDriver: chrome on WINDOWS (3b80a5845a6123c2709aec96e00e73c6)] -> xpath: //div[@class='heading main-heading item-ad-wrapper ']/h1]
2023-05-18 22:05:455 INFO  HomePage :29 - Mouse Hover to Buy+Sell Tab [[ChromeDriver: chrome on WINDOWS (21d5b82d98f0a4764a7612582cb7bc1c)] -> xpath: //a[contains(text(),'buy + sell')]]
2023-05-18 22:05:191 INFO  HomePage :34 - Click on Search Cars [[ChromeDriver: chrome on WINDOWS (21d5b82d98f0a4764a7612582cb7bc1c)] -> xpath: //a[contains(text(),'Search Cars')]]
2023-05-18 22:05:277 INFO  NewAndUsedCarSearch :38 - Getting a Page Header for Verification : [[ChromeDriver: chrome on WINDOWS (21d5b82d98f0a4764a7612582cb7bc1c)] -> xpath: //div[@class='heading main-heading item-ad-wrapper ']/h1]
2023-05-18 22:05:303 INFO  HomePage :29 - Mouse Hover to Buy+Sell Tab [[ChromeDriver: chrome on WINDOWS (0ca007c651177c01ee30ca947f70941c)] -> xpath: //a[contains(text(),'buy + sell')]]
2023-05-18 22:05:475 INFO  HomePage :34 - Click on Search Cars [[ChromeDriver: chrome on WINDOWS (0ca007c651177c01ee30ca947f70941c)] -> xpath: //a[contains(text(),'Search Cars')]]
2023-05-18 22:05:944 INFO  NewAndUsedCarSearch :38 - Getting a Page Header for Verification : [[ChromeDriver: chrome on WINDOWS (0ca007c651177c01ee30ca947f70941c)] -> xpath: //div[@class='heading main-heading item-ad-wrapper ']/h1]
2023-05-18 22:05:852 INFO  HomePage :29 - Mouse Hover to Buy+Sell Tab [[ChromeDriver: chrome on WINDOWS (9fc4c9d95f65ef686c2df6def6e7ead9)] -> xpath: //a[contains(text(),'buy + sell')]]
2023-05-18 22:05:06 INFO  HomePage :34 - Click on Search Cars [[ChromeDriver: chrome on WINDOWS (9fc4c9d95f65ef686c2df6def6e7ead9)] -> xpath: //a[contains(text(),'Search Cars')]]
2023-05-18 22:05:42 INFO  NewAndUsedCarSearch :38 - Getting a Page Header for Verification : [[ChromeDriver: chrome on WINDOWS (9fc4c9d95f65ef686c2df6def6e7ead9)] -> xpath: //div[@class='heading main-heading item-ad-wrapper ']/h1]
2023-05-18 22:05:366 INFO  HomePage :29 - Mouse Hover to Buy+Sell Tab [[ChromeDriver: chrome on WINDOWS (f0ac4cea643aaf6e38c6fa527cf984f1)] -> xpath: //a[contains(text(),'buy + sell')]]
2023-05-18 22:05:476 INFO  HomePage :34 - Click on Search Cars [[ChromeDriver: chrome on WINDOWS (f0ac4cea643aaf6e38c6fa527cf984f1)] -> xpath: //a[contains(text(),'Search Cars')]]
2023-05-18 22:05:920 INFO  NewAndUsedCarSearch :38 - Getting a Page Header for Verification : [[ChromeDriver: chrome on WINDOWS (f0ac4cea643aaf6e38c6fa527cf984f1)] -> xpath: //div[@class='heading main-heading item-ad-wrapper ']/h1]
2023-05-18 22:05:967 INFO  HomePage :29 - Mouse Hover to Buy+Sell Tab [[ChromeDriver: chrome on WINDOWS (e83367e83c4320788cb8ad7ffcc9af66)] -> xpath: //a[contains(text(),'buy + sell')]]
2023-05-18 22:05:122 INFO  HomePage :39 - Click on Used Cars [[ChromeDriver: chrome on WINDOWS (e83367e83c4320788cb8ad7ffcc9af66)] -> xpath: //div[@class='uhf-child-content']//a[contains(text(),'Used')]]
2023-05-18 22:05:512 INFO  UsedCarSearch :38 - Getting a Page Header for Verification : [[ChromeDriver: chrome on WINDOWS (e83367e83c4320788cb8ad7ffcc9af66)] -> xpath: //div[@class='heading main-heading item-ad-wrapper ']/h1]
2023-05-18 22:05:333 INFO  HomePage :29 - Mouse Hover to Buy+Sell Tab [[ChromeDriver: chrome on WINDOWS (2f0f3663290ed61b5d6c1e438cc673ca)] -> xpath: //a[contains(text(),'buy + sell')]]
2023-05-18 22:05:919 INFO  HomePage :39 - Click on Used Cars [[ChromeDriver: chrome on WINDOWS (2f0f3663290ed61b5d6c1e438cc673ca)] -> xpath: //div[@class='uhf-child-content']//a[contains(text(),'Used')]]
2023-05-18 22:05:964 INFO  UsedCarSearch :38 - Getting a Page Header for Verification : [[ChromeDriver: chrome on WINDOWS (2f0f3663290ed61b5d6c1e438cc673ca)] -> xpath: //div[@class='heading main-heading item-ad-wrapper ']/h1]
2023-05-18 22:05:399 INFO  HomePage :29 - Mouse Hover to Buy+Sell Tab [[ChromeDriver: chrome on WINDOWS (50c199f1bd9e8661b1f2fbc1897a0fee)] -> xpath: //a[contains(text(),'buy + sell')]]
2023-05-18 22:05:326 INFO  HomePage :39 - Click on Used Cars [[ChromeDriver: chrome on WINDOWS (50c199f1bd9e8661b1f2fbc1897a0fee)] -> xpath: //div[@class='uhf-child-content']//a[contains(text(),'Used')]]
2023-05-18 22:05:376 INFO  UsedCarSearch :38 - Getting a Page Header for Verification : [[ChromeDriver: chrome on WINDOWS (50c199f1bd9e8661b1f2fbc1897a0fee)] -> xpath: //div[@class='heading main-heading item-ad-wrapper ']/h1]
2023-05-18 22:05:544 INFO  HomePage :29 - Mouse Hover to Buy+Sell Tab [[ChromeDriver: chrome on WINDOWS (705ad9549bc59de6e6ece6852046d67b)] -> xpath: //a[contains(text(),'buy + sell')]]
2023-05-18 22:05:696 INFO  HomePage :39 - Click on Used Cars [[ChromeDriver: chrome on WINDOWS (705ad9549bc59de6e6ece6852046d67b)] -> xpath: //div[@class='uhf-child-content']//a[contains(text(),'Used')]]
2023-05-18 22:05:111 INFO  UsedCarSearch :38 - Getting a Page Header for Verification : [[ChromeDriver: chrome on WINDOWS (705ad9549bc59de6e6ece6852046d67b)] -> xpath: //div[@class='heading main-heading item-ad-wrapper ']/h1]
2023-05-18 22:05:86 INFO  HomePage :29 - Mouse Hover to Buy+Sell Tab [[ChromeDriver: chrome on WINDOWS (5657059c8c5b3ade17b57694765baa1f)] -> xpath: //a[contains(text(),'buy + sell')]]
2023-05-18 22:05:170 INFO  HomePage :39 - Click on Used Cars [[ChromeDriver: chrome on WINDOWS (5657059c8c5b3ade17b57694765baa1f)] -> xpath: //div[@class='uhf-child-content']//a[contains(text(),'Used')]]
2023-05-18 22:05:240 INFO  UsedCarSearch :38 - Getting a Page Header for Verification : [[ChromeDriver: chrome on WINDOWS (5657059c8c5b3ade17b57694765baa1f)] -> xpath: //div[@class='heading main-heading item-ad-wrapper ']/h1]
2023-05-18 22:05:855 INFO  HomePage :29 - Mouse Hover to Buy+Sell Tab [[ChromeDriver: chrome on WINDOWS (f9e7bcc11debcb716e2e1422d516d1b1)] -> xpath: //a[contains(text(),'buy + sell')]]
2023-05-18 22:05:599 INFO  HomePage :39 - Click on Used Cars [[ChromeDriver: chrome on WINDOWS (f9e7bcc11debcb716e2e1422d516d1b1)] -> xpath: //div[@class='uhf-child-content']//a[contains(text(),'Used')]]
2023-05-18 22:05:638 INFO  UsedCarSearch :38 - Getting a Page Header for Verification : [[ChromeDriver: chrome on WINDOWS (f9e7bcc11debcb716e2e1422d516d1b1)] -> xpath: //div[@class='heading main-heading item-ad-wrapper ']/h1]
2023-05-19 19:05:670 INFO  HomePage :29 - Mouse Hover to Buy+Sell Tab [[ChromeDriver: chrome on WINDOWS (91815db9012bdf4d953c99334120a5ad)] -> xpath: //a[contains(text(),'buy + sell')]]
2023-05-19 19:05:783 INFO  HomePage :34 - Click on Search Cars [[ChromeDriver: chrome on WINDOWS (91815db9012bdf4d953c99334120a5ad)] -> xpath: //a[contains(text(),'Search Cars')]]
2023-05-19 19:05:317 INFO  NewAndUsedCarSearch :38 - Getting a Page Header for Verification : [[ChromeDriver: chrome on WINDOWS (91815db9012bdf4d953c99334120a5ad)] -> xpath: //div[@class='heading main-heading item-ad-wrapper ']/h1]
2023-05-19 20:05:105 INFO  HomePage :29 - Mouse Hover to Buy+Sell Tab [[ChromeDriver: chrome on WINDOWS (d2409ae1a2f8ae279bc84fa870f26d91)] -> xpath: //a[contains(text(),'buy + sell')]]
2023-05-19 20:05:327 INFO  HomePage :34 - Click on Search Cars [[ChromeDriver: chrome on WINDOWS (d2409ae1a2f8ae279bc84fa870f26d91)] -> xpath: //a[contains(text(),'Search Cars')]]
2023-05-19 20:05:812 INFO  NewAndUsedCarSearch :38 - Getting a Page Header for Verification : [[ChromeDriver: chrome on WINDOWS (d2409ae1a2f8ae279bc84fa870f26d91)] -> xpath: //div[@class='heading main-heading item-ad-wrapper ']/h1]
2023-05-19 20:05:76 INFO  HomePage :29 - Mouse Hover to Buy+Sell Tab [[ChromeDriver: chrome on WINDOWS (717ac445eb8e87ca03be67a67b8aed1d)] -> xpath: //a[contains(text(),'buy + sell')]]
2023-05-19 20:05:432 INFO  HomePage :34 - Click on Search Cars [[ChromeDriver: chrome on WINDOWS (717ac445eb8e87ca03be67a67b8aed1d)] -> xpath: //a[contains(text(),'Search Cars')]]
2023-05-19 20:05:528 INFO  NewAndUsedCarSearch :38 - Getting a Page Header for Verification : [[ChromeDriver: chrome on WINDOWS (717ac445eb8e87ca03be67a67b8aed1d)] -> xpath: //div[@class='heading main-heading item-ad-wrapper ']/h1]
2023-05-19 20:05:906 INFO  HomePage :29 - Mouse Hover to Buy+Sell Tab [[ChromeDriver: chrome on WINDOWS (61c3f3fbe94d6ff40a0dd76982613ec7)] -> xpath: //a[contains(text(),'buy + sell')]]
2023-05-19 20:05:795 INFO  HomePage :34 - Click on Search Cars [[ChromeDriver: chrome on WINDOWS (61c3f3fbe94d6ff40a0dd76982613ec7)] -> xpath: //a[contains(text(),'Search Cars')]]
2023-05-19 20:05:799 INFO  NewAndUsedCarSearch :38 - Getting a Page Header for Verification : [[ChromeDriver: chrome on WINDOWS (61c3f3fbe94d6ff40a0dd76982613ec7)] -> xpath: //div[@class='heading main-heading item-ad-wrapper ']/h1]
2023-05-19 20:05:900 INFO  HomePage :29 - Mouse Hover to Buy+Sell Tab [[ChromeDriver: chrome on WINDOWS (d1da69345fd411999e91816c18b0f350)] -> xpath: //a[contains(text(),'buy + sell')]]
2023-05-19 20:05:919 INFO  HomePage :34 - Click on Search Cars [[ChromeDriver: chrome on WINDOWS (d1da69345fd411999e91816c18b0f350)] -> xpath: //a[contains(text(),'Search Cars')]]
2023-05-19 20:05:81 INFO  NewAndUsedCarSearch :38 - Getting a Page Header for Verification : [[ChromeDriver: chrome on WINDOWS (d1da69345fd411999e91816c18b0f350)] -> xpath: //div[@class='heading main-heading item-ad-wrapper ']/h1]
2023-05-19 20:05:779 INFO  HomePage :29 - Mouse Hover to Buy+Sell Tab [[ChromeDriver: chrome on WINDOWS (8405de7475814bf5055c7cf22b4b70f6)] -> xpath: //a[contains(text(),'buy + sell')]]
2023-05-19 20:05:490 INFO  HomePage :39 - Click on Used Cars [[ChromeDriver: chrome on WINDOWS (8405de7475814bf5055c7cf22b4b70f6)] -> xpath: //div[@class='uhf-child-content']//a[contains(text(),'Used')]]
2023-05-19 20:05:54 INFO  UsedCarSearch :38 - Getting a Page Header for Verification : [[ChromeDriver: chrome on WINDOWS (8405de7475814bf5055c7cf22b4b70f6)] -> xpath: //div[@class='heading main-heading item-ad-wrapper ']/h1]
2023-05-19 20:05:407 INFO  HomePage :29 - Mouse Hover to Buy+Sell Tab [[ChromeDriver: chrome on WINDOWS (86d986ba1b88b88708fab5b9f0c0a571)] -> xpath: //a[contains(text(),'buy + sell')]]
2023-05-19 20:05:953 INFO  HomePage :39 - Click on Used Cars [[ChromeDriver: chrome on WINDOWS (86d986ba1b88b88708fab5b9f0c0a571)] -> xpath: //div[@class='uhf-child-content']//a[contains(text(),'Used')]]
2023-05-19 20:05:485 INFO  UsedCarSearch :38 - Getting a Page Header for Verification : [[ChromeDriver: chrome on WINDOWS (86d986ba1b88b88708fab5b9f0c0a571)] -> xpath: //div[@class='heading main-heading item-ad-wrapper ']/h1]
2023-05-19 20:05:449 INFO  HomePage :29 - Mouse Hover to Buy+Sell Tab [[ChromeDriver: chrome on WINDOWS (8e2f5d8591b6ffe09fe9e4532b32447d)] -> xpath: //a[contains(text(),'buy + sell')]]
2023-05-19 20:05:428 INFO  HomePage :39 - Click on Used Cars [[ChromeDriver: chrome on WINDOWS (8e2f5d8591b6ffe09fe9e4532b32447d)] -> xpath: //div[@class='uhf-child-content']//a[contains(text(),'Used')]]
2023-05-19 20:05:497 INFO  UsedCarSearch :38 - Getting a Page Header for Verification : [[ChromeDriver: chrome on WINDOWS (8e2f5d8591b6ffe09fe9e4532b32447d)] -> xpath: //div[@class='heading main-heading item-ad-wrapper ']/h1]
2023-05-19 20:05:353 INFO  HomePage :29 - Mouse Hover to Buy+Sell Tab [[ChromeDriver: chrome on WINDOWS (f5f7be8ee82c2eab02d0fdc635ff3adf)] -> xpath: //a[contains(text(),'buy + sell')]]
2023-05-19 20:05:95 INFO  HomePage :39 - Click on Used Cars [[ChromeDriver: chrome on WINDOWS (f5f7be8ee82c2eab02d0fdc635ff3adf)] -> xpath: //div[@class='uhf-child-content']//a[contains(text(),'Used')]]
2023-05-19 20:05:563 INFO  UsedCarSearch :38 - Getting a Page Header for Verification : [[ChromeDriver: chrome on WINDOWS (f5f7be8ee82c2eab02d0fdc635ff3adf)] -> xpath: //div[@class='heading main-heading item-ad-wrapper ']/h1]
2023-05-19 20:05:631 INFO  HomePage :29 - Mouse Hover to Buy+Sell Tab [[ChromeDriver: chrome on WINDOWS (7e2dc7214e12d8cec7568534af1353e3)] -> xpath: //a[contains(text(),'buy + sell')]]
2023-05-19 20:05:993 INFO  HomePage :39 - Click on Used Cars [[ChromeDriver: chrome on WINDOWS (7e2dc7214e12d8cec7568534af1353e3)] -> xpath: //div[@class='uhf-child-content']//a[contains(text(),'Used')]]
2023-05-19 20:05:716 INFO  UsedCarSearch :38 - Getting a Page Header for Verification : [[ChromeDriver: chrome on WINDOWS (7e2dc7214e12d8cec7568534af1353e3)] -> xpath: //div[@class='heading main-heading item-ad-wrapper ']/h1]
2023-05-19 20:05:949 INFO  HomePage :29 - Mouse Hover to Buy+Sell Tab [[ChromeDriver: chrome on WINDOWS (753ff6a9881c9c4bcf8bf2adb380cfe0)] -> xpath: //a[contains(text(),'buy + sell')]]
2023-05-19 20:05:774 INFO  HomePage :39 - Click on Used Cars [[ChromeDriver: chrome on WINDOWS (753ff6a9881c9c4bcf8bf2adb380cfe0)] -> xpath: //div[@class='uhf-child-content']//a[contains(text(),'Used')]]
2023-05-19 20:05:239 INFO  UsedCarSearch :38 - Getting a Page Header for Verification : [[ChromeDriver: chrome on WINDOWS (753ff6a9881c9c4bcf8bf2adb380cfe0)] -> xpath: //div[@class='heading main-heading item-ad-wrapper ']/h1]
